<?xml version="1.0" encoding="UTF-8"?>
<!-- Generated by org.testng.reporters.JUnitXMLReporter -->
<testsuite hostname="IITC-WS-DN04" ignored="0" name="Execution" tests="5" failures="2" timestamp="28 Dec 2018 11:57:39 GMT" time="445.447" errors="0">
  <testcase name="basepagenavigation" time="2.558" classname="WebApplication.HomePageTest"/>
  <testcase name="getevalidate" time="0.065" classname="WebApplication.HomePageTest">
    <failure type="org.junit.ComparisonFailure" message="expected:&amp;lt;[Home]&amp;gt; but was:&amp;lt;[FEATURED COURSES]&amp;gt;">
      <![CDATA[org.junit.ComparisonFailure: expected:<[Home]> but was:<[FEATURED COURSES]>
at org.junit.Assert.assertEquals(Assert.java:115)
at org.junit.Assert.assertEquals(Assert.java:144)
at WebApplication.HomePageTest.getevalidate(HomePageTest.java:53)
... Removed 25 stack frames]]>
    </failure>
  </testcase> <!-- getevalidate -->
  <testcase name="planding" time="0.722" classname="WebApplication.HomePageTest"/>
  <testcase name="pgetlog" time="50.457" classname="WebApplication.HomePageTest"/>
  <testcase name="datadrive" time="382.695" classname="WebApplication.HomePageTest">
    <failure type="java.lang.IndexOutOfBoundsException" message="Index: 91, Size: 91">
      <![CDATA[java.lang.IndexOutOfBoundsException: Index: 91, Size: 91
at java.util.ArrayList.rangeCheck(ArrayList.java:657)
at java.util.ArrayList.get(ArrayList.java:433)
at WebApplication.HomePageTest.datadrive(HomePageTest.java:98)
... Removed 25 stack frames]]>
    </failure>
  </testcase> <!-- datadrive -->
</testsuite> <!-- Execution -->
