<?xml version="1.0" encoding="UTF-8"?>
<!-- Generated by org.testng.reporters.JUnitXMLReporter -->
<testsuite hostname="IITC-WS-DN04" ignored="0" name="Test" tests="3" failures="0" timestamp="27 Dec 2018 07:44:52 GMT" time="58.782" errors="0">
  <testcase name="basepagenavigation" time="3.151" classname="WebApplication.HomePageTest"/>
  <testcase name="planding" time="0.888" classname="WebApplication.HomePageTest"/>
  <testcase name="pgetlog" time="51.179" classname="WebApplication.HomePageTest"/>
</testsuite> <!-- Test -->
