<?xml version="1.0" encoding="UTF-8"?>
<testng-results skipped="0" failed="1" ignored="0" total="5" passed="4">
  <reporter-output>
  </reporter-output>
  <suite name="Default suite" duration-ms="59311" started-at="2018-12-28T13:53:37Z" finished-at="2018-12-28T13:54:37Z">
    <groups>
    </groups>
    <test name="Default test" duration-ms="59311" started-at="2018-12-28T13:53:37Z" finished-at="2018-12-28T13:54:37Z">
      <class name="WebApplication.HomePageTest">
        <test-method status="PASS" signature="urlcode()[pri:0, instance:WebApplication.HomePageTest@6adede5]" name="urlcode" is-config="true" duration-ms="5151" started-at="2018-12-28T13:53:37Z" finished-at="2018-12-28T13:53:43Z">
          <reporter-output>
          </reporter-output>
        </test-method> <!-- urlcode -->
        <test-method status="PASS" signature="basepagenavigation(java.lang.String, java.lang.String, java.lang.String)[pri:0, instance:WebApplication.HomePageTest@6adede5]" name="basepagenavigation" duration-ms="2455" started-at="2018-12-28T13:53:43Z" data-provider="getdata" finished-at="2018-12-28T13:53:45Z">
          <params>
            <param index="0">
              <value>
                <![CDATA[vinay.tiwari]]>
              </value>
            </param>
            <param index="1">
              <value>
                <![CDATA[intel@04]]>
              </value>
            </param>
            <param index="2">
              <value>
                <![CDATA[valid]]>
              </value>
            </param>
          </params>
          <reporter-output>
          </reporter-output>
        </test-method> <!-- basepagenavigation -->
        <test-method status="FAIL" signature="getevalidate()[pri:0, instance:WebApplication.HomePageTest@6adede5]" name="getevalidate" duration-ms="50" started-at="2018-12-28T13:53:45Z" depends-on-methods="WebApplication.HomePageTest.basepagenavigation" finished-at="2018-12-28T13:53:45Z">
          <exception class="org.junit.ComparisonFailure">
            <message>
              <![CDATA[expected:<[Home]> but was:<[FEATURED COURSES]>]]>
            </message>
            <full-stacktrace>
              <![CDATA[org.junit.ComparisonFailure: expected:<[Home]> but was:<[FEATURED COURSES]>
at org.junit.Assert.assertEquals(Assert.java:115)
at org.junit.Assert.assertEquals(Assert.java:144)
at WebApplication.HomePageTest.getevalidate(HomePageTest.java:54)
at sun.reflect.NativeMethodAccessorImpl.invoke0(Native Method)
at sun.reflect.NativeMethodAccessorImpl.invoke(NativeMethodAccessorImpl.java:62)
at sun.reflect.DelegatingMethodAccessorImpl.invoke(DelegatingMethodAccessorImpl.java:43)
at java.lang.reflect.Method.invoke(Method.java:498)
at org.testng.internal.MethodInvocationHelper.invokeMethod(MethodInvocationHelper.java:124)
at org.testng.internal.Invoker.invokeMethod(Invoker.java:580)
at org.testng.internal.Invoker.invokeTestMethod(Invoker.java:716)
at org.testng.internal.Invoker.invokeTestMethods(Invoker.java:988)
at org.testng.internal.TestMethodWorker.invokeTestMethods(TestMethodWorker.java:125)
at org.testng.internal.TestMethodWorker.run(TestMethodWorker.java:109)
at org.testng.TestRunner.privateRun(TestRunner.java:648)
at org.testng.TestRunner.run(TestRunner.java:505)
at org.testng.SuiteRunner.runTest(SuiteRunner.java:455)
at org.testng.SuiteRunner.runSequentially(SuiteRunner.java:450)
at org.testng.SuiteRunner.privateRun(SuiteRunner.java:415)
at org.testng.SuiteRunner.run(SuiteRunner.java:364)
at org.testng.SuiteRunnerWorker.runSuite(SuiteRunnerWorker.java:52)
at org.testng.SuiteRunnerWorker.run(SuiteRunnerWorker.java:84)
at org.testng.TestNG.runSuitesSequentially(TestNG.java:1208)
at org.testng.TestNG.runSuitesLocally(TestNG.java:1137)
at org.testng.TestNG.runSuites(TestNG.java:1049)
at org.testng.TestNG.run(TestNG.java:1017)
at org.testng.remote.AbstractRemoteTestNG.run(AbstractRemoteTestNG.java:114)
at org.testng.remote.RemoteTestNG.initAndRun(RemoteTestNG.java:251)
at org.testng.remote.RemoteTestNG.main(RemoteTestNG.java:77)
]]>
            </full-stacktrace>
          </exception> <!-- org.junit.ComparisonFailure -->
          <reporter-output>
          </reporter-output>
        </test-method> <!-- getevalidate -->
        <test-method status="PASS" signature="planding()[pri:0, instance:WebApplication.HomePageTest@6adede5]" name="planding" duration-ms="551" started-at="2018-12-28T13:53:45Z" depends-on-methods="WebApplication.HomePageTest.basepagenavigation" finished-at="2018-12-28T13:53:46Z">
          <reporter-output>
          </reporter-output>
        </test-method> <!-- planding -->
        <test-method status="PASS" signature="pgetlog()[pri:0, instance:WebApplication.HomePageTest@6adede5]" name="pgetlog" duration-ms="50425" started-at="2018-12-28T13:53:46Z" depends-on-methods="WebApplication.HomePageTest.planding" finished-at="2018-12-28T13:54:36Z">
          <reporter-output>
          </reporter-output>
        </test-method> <!-- pgetlog -->
        <test-method status="PASS" signature="datadrive()[pri:0, instance:WebApplication.HomePageTest@6adede5]" name="datadrive" duration-ms="513" started-at="2018-12-28T13:54:36Z" depends-on-methods="WebApplication.HomePageTest.pgetlog" finished-at="2018-12-28T13:54:37Z">
          <reporter-output>
          </reporter-output>
        </test-method> <!-- datadrive -->
        <test-method status="PASS" signature="getclose()[pri:0, instance:WebApplication.HomePageTest@6adede5]" name="getclose" is-config="true" duration-ms="129" started-at="2018-12-28T13:54:37Z" finished-at="2018-12-28T13:54:37Z">
          <reporter-output>
          </reporter-output>
        </test-method> <!-- getclose -->
      </class> <!-- WebApplication.HomePageTest -->
    </test> <!-- Default test -->
  </suite> <!-- Default suite -->
</testng-results>
